INFO: 05/16/2021 05:53:11 PM MESSAGE: No Change for Site AWS-Branch-SITE-BLR.
INFO: 05/16/2021 05:53:11 PM MESSAGE:  No Change for Waninterface Circuit to Airtel.
INFO: 05/16/2021 05:53:11 PM MESSAGE:  No Change for Waninterface Circuit to T-MOBILE.
INFO: 05/16/2021 05:53:12 PM MESSAGE:  Element: Code is at correct version 5.5.1-b7.
INFO: 05/16/2021 05:53:13 PM MESSAGE:   No Change for Element AWS-TGW-TEST-Branch-device-01.
INFO: 05/16/2021 05:53:13 PM MESSAGE:    No Change for Interface 1.
INFO: 05/16/2021 05:53:15 PM MESSAGE:    Updated Interface 2 (Etag 4 -> 5).
INFO: 05/16/2021 05:53:15 PM MESSAGE:    No Change for Interface controller 1.
INFO: 05/16/2021 05:53:16 PM MESSAGE:    No Change for Interface 3.
INFO: 05/16/2021 05:53:16 PM MESSAGE:    No Change for Interface 4.
INFO: 05/16/2021 05:53:16 PM MESSAGE:    No Change for Interface 5.
INFO: 05/16/2021 05:53:17 PM MESSAGE:    No Change for Interface 6.
INFO: 05/16/2021 05:53:17 PM MESSAGE:    No Change for Interface 7.
INFO: 05/16/2021 05:53:18 PM MESSAGE:    No Change for Interface 8.
INFO: 05/16/2021 05:53:18 PM MESSAGE:    No Change for Spoke HA in Element AWS-TGW-TEST-Branch-device-01.
INFO: 05/16/2021 05:53:19 PM MESSAGE:    No Change for BGP Global Config 16168706238180215.
INFO: 05/16/2021 05:53:19 PM MESSAGE:    No Change for NTP 16168704963160233.
INFO: 05/16/2021 05:53:20 PM MESSAGE:    No Change for Toolkit 16168705129590126.
INFO: 05/16/2021 05:53:20 PM MESSAGE:    No Change for Application Probe default-probe-configuration-16168704962970224.
INFO: 05/16/2021 05:53:20 PM MESSAGE: No Change for Site AWS-Branch-SITE-BLR state (active).
INFO: 05/16/2021 05:53:20 PM MESSAGE: DONE
