test
INFO: 05/16/2021 05:40:52 PM MESSAGE: No Change for Site BLR-Branch.
INFO: 05/16/2021 05:40:52 PM MESSAGE:  No Change for Waninterface Circuit to Airtel.
INFO: 05/16/2021 05:40:53 PM MESSAGE:  No Change for Waninterface Circuit to T-MOBILE.
INFO: 05/16/2021 05:40:53 PM MESSAGE:  Element: Code is at correct version 5.4.7-b1.
INFO: 05/16/2021 05:40:53 PM MESSAGE:   No Change for Element BLR-Branch-Device.
INFO: 05/16/2021 05:40:54 PM MESSAGE:    Deleting Unconfigured Interface 12.
INFO: 05/16/2021 05:40:55 PM MESSAGE:    Updated Interface 1 (Etag 6 -> 7).
INFO: 05/16/2021 05:40:56 PM MESSAGE:    Updated Interface 2 (Etag 5 -> 6).
INFO: 05/16/2021 05:40:56 PM MESSAGE:    No Change for Interface controller 1.
INFO: 05/16/2021 05:40:57 PM MESSAGE:    No Change for Interface 3.
INFO: 05/16/2021 05:40:57 PM MESSAGE:    No Change for Interface 4.
INFO: 05/16/2021 05:40:58 PM MESSAGE:    No Change for Interface 5.
INFO: 05/16/2021 05:40:59 PM MESSAGE:    No Change for Interface 6.
INFO: 05/16/2021 05:40:59 PM MESSAGE:    No Change for Interface 7.
INFO: 05/16/2021 05:40:59 PM MESSAGE:    No Change for Interface 8.
INFO: 05/16/2021 05:41:00 PM MESSAGE:    No Change for Spoke HA in Element BLR-Branch-Device.
INFO: 05/16/2021 05:41:01 PM MESSAGE:    No Change for BGP Global Config 16161571818480067.
INFO: 05/16/2021 05:41:02 PM MESSAGE:    No Change for NTP 16161568597530008.
INFO: 05/16/2021 05:41:02 PM MESSAGE:    No Change for Toolkit 16161568755240004.
INFO: 05/16/2021 05:41:02 PM MESSAGE:    No Change for Application Probe default-probe-configuration-16161568593970255.
INFO: 05/16/2021 05:41:02 PM MESSAGE: No Change for Site BLR-Branch state (active).
INFO: 05/16/2021 05:41:02 PM MESSAGE: DONE
